The system is: Linux - 2.6.32-696.1.1.el6.i686 - i686
Compiling the C compiler identification source file "CMakeCCompilerId.c" succeeded.
Compiler: /usr/bin/cc 
Build flags: 
Id flags: 

The output was:
0


Compilation of the C compiler identification source "CMakeCCompilerId.c" produced "a.out"

The C compiler identification is GNU, found in "/home/tla001/cworks/ThreadPool/build/CMakeFiles/2.8.12.2/CompilerIdC/a.out"

Compiling the CXX compiler identification source file "CMakeCXXCompilerId.cpp" succeeded.
Compiler: /usr/bin/c++ 
Build flags: 
Id flags: 

The output was:
0


Compilation of the CXX compiler identification source "CMakeCXXCompilerId.cpp" produced "a.out"

The CXX compiler identification is GNU, found in "/home/tla001/cworks/ThreadPool/build/CMakeFiles/2.8.12.2/CompilerIdCXX/a.out"

Determining if the C compiler works passed with the following output:
Change Dir: /home/tla001/cworks/ThreadPool/build/CMakeFiles/CMakeTmp

Run Build Command:/usr/bin/gmake "cmTryCompileExec2145952091/fast"
/usr/bin/gmake -f CMakeFiles/cmTryCompileExec2145952091.dir/build.make CMakeFiles/cmTryCompileExec2145952091.dir/build
gmake[1]: Entering directory `/home/tla001/cworks/ThreadPool/build/CMakeFiles/CMakeTmp'
/usr/bin/cmake -E cmake_progress_report /home/tla001/cworks/ThreadPool/build/CMakeFiles/CMakeTmp/CMakeFiles 1
Building C object CMakeFiles/cmTryCompileExec2145952091.dir/testCCompiler.c.o
/usr/bin/cc    -o CMakeFiles/cmTryCompileExec2145952091.dir/testCCompiler.c.o   -c /home/tla001/cworks/ThreadPool/build/CMakeFiles/CMakeTmp/testCCompiler.c
Linking C executable cmTryCompileExec2145952091
/usr/bin/cmake -E cmake_link_script CMakeFiles/cmTryCompileExec2145952091.dir/link.txt --verbose=1
/usr/bin/cc       CMakeFiles/cmTryCompileExec2145952091.dir/testCCompiler.c.o  -o cmTryCompileExec2145952091 -rdynamic 
gmake[1]: Leaving directory `/home/tla001/cworks/ThreadPool/build/CMakeFiles/CMakeTmp'


Detecting C compiler ABI info compiled with the following output:
Change Dir: /home/tla001/cworks/ThreadPool/build/CMakeFiles/CMakeTmp

Run Build Command:/usr/bin/gmake "cmTryCompileExec489419394/fast"
/usr/bin/gmake -f CMakeFiles/cmTryCompileExec489419394.dir/build.make CMakeFiles/cmTryCompileExec489419394.dir/build
gmake[1]: Entering directory `/home/tla001/cworks/ThreadPool/build/CMakeFiles/CMakeTmp'
/usr/bin/cmake -E cmake_progress_report /home/tla001/cworks/ThreadPool/build/CMakeFiles/CMakeTmp/CMakeFiles 1
Building C object CMakeFiles/cmTryCompileExec489419394.dir/CMakeCCompilerABI.c.o
/usr/bin/cc    -o CMakeFiles/cmTryCompileExec489419394.dir/CMakeCCompilerABI.c.o   -c /usr/share/cmake/Modules/CMakeCCompilerABI.c
Linking C executable cmTryCompileExec489419394
/usr/bin/cmake -E cmake_link_script CMakeFiles/cmTryCompileExec489419394.dir/link.txt --verbose=1
/usr/bin/cc     -v CMakeFiles/cmTryCompileExec489419394.dir/CMakeCCompilerABI.c.o  -o cmTryCompileExec489419394 -rdynamic  
Using built-in specs.
Target: i686-redhat-linux
Configured with: ../configure --prefix=/usr --mandir=/usr/share/man --infodir=/usr/share/info --with-bugurl=http://bugzilla.redhat.com/bugzilla --enable-bootstrap --enable-shared --enable-threads=posix --enable-checking=release --with-system-zlib --enable-__cxa_atexit --disable-libunwind-exceptions --enable-gnu-unique-object --enable-languages=c,c++,objc,obj-c++,java,fortran,ada --enable-java-awt=gtk --disable-dssi --with-java-home=/usr/lib/jvm/java-1.5.0-gcj-1.5.0.0/jre --enable-libgcj-multifile --enable-java-maintainer-mode --with-ecj-jar=/usr/share/java/eclipse-ecj.jar --disable-libjava-multilib --with-ppl --with-cloog --with-tune=generic --with-arch=i686 --build=i686-redhat-linux
Thread model: posix
gcc version 4.4.7 20120313 (Red Hat 4.4.7-18) (GCC) 
COMPILER_PATH=/usr/libexec/gcc/i686-redhat-linux/4.4.7/:/usr/libexec/gcc/i686-redhat-linux/4.4.7/:/usr/libexec/gcc/i686-redhat-linux/:/usr/lib/gcc/i686-redhat-linux/4.4.7/:/usr/lib/gcc/i686-redhat-linux/:/usr/libexec/gcc/i686-redhat-linux/4.4.7/:/usr/libexec/gcc/i686-redhat-linux/:/usr/lib/gcc/i686-redhat-linux/4.4.7/:/usr/lib/gcc/i686-redhat-linux/
LIBRARY_PATH=/usr/lib/gcc/i686-redhat-linux/4.4.7/:/usr/lib/gcc/i686-redhat-linux/4.4.7/:/usr/lib/gcc/i686-redhat-linux/4.4.7/../../../:/lib/:/usr/lib/
COLLECT_GCC_OPTIONS='-v' '-o' 'cmTryCompileExec489419394' '-rdynamic' '-mtune=generic' '-march=i686'
 /usr/libexec/gcc/i686-redhat-linux/4.4.7/collect2 --eh-frame-hdr --build-id -m elf_i386 --hash-style=gnu -export-dynamic -dynamic-linker /lib/ld-linux.so.2 -o cmTryCompileExec489419394 /usr/lib/gcc/i686-redhat-linux/4.4.7/../../../crt1.o /usr/lib/gcc/i686-redhat-linux/4.4.7/../../../crti.o /usr/lib/gcc/i686-redhat-linux/4.4.7/crtbegin.o -L/usr/lib/gcc/i686-redhat-linux/4.4.7 -L/usr/lib/gcc/i686-redhat-linux/4.4.7 -L/usr/lib/gcc/i686-redhat-linux/4.4.7/../../.. CMakeFiles/cmTryCompileExec489419394.dir/CMakeCCompilerABI.c.o -lgcc --as-needed -lgcc_s --no-as-needed -lc -lgcc --as-needed -lgcc_s --no-as-needed /usr/lib/gcc/i686-redhat-linux/4.4.7/crtend.o /usr/lib/gcc/i686-redhat-linux/4.4.7/../../../crtn.o
gmake[1]: Leaving directory `/home/tla001/cworks/ThreadPool/build/CMakeFiles/CMakeTmp'


Parsed C implicit link information from above output:
  link line regex: [^( *|.*[/\])(ld|([^/\]+-)?ld|collect2)[^/\]*( |$)]
  ignore line: [Change Dir: /home/tla001/cworks/ThreadPool/build/CMakeFiles/CMakeTmp]
  ignore line: []
  ignore line: [Run Build Command:/usr/bin/gmake "cmTryCompileExec489419394/fast"]
  ignore line: [/usr/bin/gmake -f CMakeFiles/cmTryCompileExec489419394.dir/build.make CMakeFiles/cmTryCompileExec489419394.dir/build]
  ignore line: [gmake[1]: Entering directory `/home/tla001/cworks/ThreadPool/build/CMakeFiles/CMakeTmp']
  ignore line: [/usr/bin/cmake -E cmake_progress_report /home/tla001/cworks/ThreadPool/build/CMakeFiles/CMakeTmp/CMakeFiles 1]
  ignore line: [Building C object CMakeFiles/cmTryCompileExec489419394.dir/CMakeCCompilerABI.c.o]
  ignore line: [/usr/bin/cc    -o CMakeFiles/cmTryCompileExec489419394.dir/CMakeCCompilerABI.c.o   -c /usr/share/cmake/Modules/CMakeCCompilerABI.c]
  ignore line: [Linking C executable cmTryCompileExec489419394]
  ignore line: [/usr/bin/cmake -E cmake_link_script CMakeFiles/cmTryCompileExec489419394.dir/link.txt --verbose=1]
  ignore line: [/usr/bin/cc     -v CMakeFiles/cmTryCompileExec489419394.dir/CMakeCCompilerABI.c.o  -o cmTryCompileExec489419394 -rdynamic  ]
  ignore line: [Using built-in specs.]
  ignore line: [Target: i686-redhat-linux]
  ignore line: [Configured with: ../configure --prefix=/usr --mandir=/usr/share/man --infodir=/usr/share/info --with-bugurl=http://bugzilla.redhat.com/bugzilla --enable-bootstrap --enable-shared --enable-threads=posix --enable-checking=release --with-system-zlib --enable-__cxa_atexit --disable-libunwind-exceptions --enable-gnu-unique-object --enable-languages=c,c++,objc,obj-c++,java,fortran,ada --enable-java-awt=gtk --disable-dssi --with-java-home=/usr/lib/jvm/java-1.5.0-gcj-1.5.0.0/jre --enable-libgcj-multifile --enable-java-maintainer-mode --with-ecj-jar=/usr/share/java/eclipse-ecj.jar --disable-libjava-multilib --with-ppl --with-cloog --with-tune=generic --with-arch=i686 --build=i686-redhat-linux]
  ignore line: [Thread model: posix]
  ignore line: [gcc version 4.4.7 20120313 (Red Hat 4.4.7-18) (GCC) ]
  ignore line: [COMPILER_PATH=/usr/libexec/gcc/i686-redhat-linux/4.4.7/:/usr/libexec/gcc/i686-redhat-linux/4.4.7/:/usr/libexec/gcc/i686-redhat-linux/:/usr/lib/gcc/i686-redhat-linux/4.4.7/:/usr/lib/gcc/i686-redhat-linux/:/usr/libexec/gcc/i686-redhat-linux/4.4.7/:/usr/libexec/gcc/i686-redhat-linux/:/usr/lib/gcc/i686-redhat-linux/4.4.7/:/usr/lib/gcc/i686-redhat-linux/]
  ignore line: [LIBRARY_PATH=/usr/lib/gcc/i686-redhat-linux/4.4.7/:/usr/lib/gcc/i686-redhat-linux/4.4.7/:/usr/lib/gcc/i686-redhat-linux/4.4.7/../../../:/lib/:/usr/lib/]
  ignore line: [COLLECT_GCC_OPTIONS='-v' '-o' 'cmTryCompileExec489419394' '-rdynamic' '-mtune=generic' '-march=i686']
  link line: [ /usr/libexec/gcc/i686-redhat-linux/4.4.7/collect2 --eh-frame-hdr --build-id -m elf_i386 --hash-style=gnu -export-dynamic -dynamic-linker /lib/ld-linux.so.2 -o cmTryCompileExec489419394 /usr/lib/gcc/i686-redhat-linux/4.4.7/../../../crt1.o /usr/lib/gcc/i686-redhat-linux/4.4.7/../../../crti.o /usr/lib/gcc/i686-redhat-linux/4.4.7/crtbegin.o -L/usr/lib/gcc/i686-redhat-linux/4.4.7 -L/usr/lib/gcc/i686-redhat-linux/4.4.7 -L/usr/lib/gcc/i686-redhat-linux/4.4.7/../../.. CMakeFiles/cmTryCompileExec489419394.dir/CMakeCCompilerABI.c.o -lgcc --as-needed -lgcc_s --no-as-needed -lc -lgcc --as-needed -lgcc_s --no-as-needed /usr/lib/gcc/i686-redhat-linux/4.4.7/crtend.o /usr/lib/gcc/i686-redhat-linux/4.4.7/../../../crtn.o]
    arg [/usr/libexec/gcc/i686-redhat-linux/4.4.7/collect2] ==> ignore
    arg [--eh-frame-hdr] ==> ignore
    arg [--build-id] ==> ignore
    arg [-m] ==> ignore
    arg [elf_i386] ==> ignore
    arg [--hash-style=gnu] ==> ignore
    arg [-export-dynamic] ==> ignore
    arg [-dynamic-linker] ==> ignore
    arg [/lib/ld-linux.so.2] ==> ignore
    arg [-o] ==> ignore
    arg [cmTryCompileExec489419394] ==> ignore
    arg [/usr/lib/gcc/i686-redhat-linux/4.4.7/../../../crt1.o] ==> ignore
    arg [/usr/lib/gcc/i686-redhat-linux/4.4.7/../../../crti.o] ==> ignore
    arg [/usr/lib/gcc/i686-redhat-linux/4.4.7/crtbegin.o] ==> ignore
    arg [-L/usr/lib/gcc/i686-redhat-linux/4.4.7] ==> dir [/usr/lib/gcc/i686-redhat-linux/4.4.7]
    arg [-L/usr/lib/gcc/i686-redhat-linux/4.4.7] ==> dir [/usr/lib/gcc/i686-redhat-linux/4.4.7]
    arg [-L/usr/lib/gcc/i686-redhat-linux/4.4.7/../../..] ==> dir [/usr/lib/gcc/i686-redhat-linux/4.4.7/../../..]
    arg [CMakeFiles/cmTryCompileExec489419394.dir/CMakeCCompilerABI.c.o] ==> ignore
    arg [-lgcc] ==> lib [gcc]
    arg [--as-needed] ==> ignore
    arg [-lgcc_s] ==> lib [gcc_s]
    arg [--no-as-needed] ==> ignore
    arg [-lc] ==> lib [c]
    arg [-lgcc] ==> lib [gcc]
    arg [--as-needed] ==> ignore
    arg [-lgcc_s] ==> lib [gcc_s]
    arg [--no-as-needed] ==> ignore
    arg [/usr/lib/gcc/i686-redhat-linux/4.4.7/crtend.o] ==> ignore
    arg [/usr/lib/gcc/i686-redhat-linux/4.4.7/../../../crtn.o] ==> ignore
  remove lib [gcc]
  remove lib [gcc_s]
  remove lib [gcc]
  remove lib [gcc_s]
  collapse library dir [/usr/lib/gcc/i686-redhat-linux/4.4.7] ==> [/usr/lib/gcc/i686-redhat-linux/4.4.7]
  collapse library dir [/usr/lib/gcc/i686-redhat-linux/4.4.7] ==> [/usr/lib/gcc/i686-redhat-linux/4.4.7]
  collapse library dir [/usr/lib/gcc/i686-redhat-linux/4.4.7/../../..] ==> [/usr/lib]
  implicit libs: [c]
  implicit dirs: [/usr/lib/gcc/i686-redhat-linux/4.4.7;/usr/lib]
  implicit fwks: []


Determining if the CXX compiler works passed with the following output:
Change Dir: /home/tla001/cworks/ThreadPool/build/CMakeFiles/CMakeTmp

Run Build Command:/usr/bin/gmake "cmTryCompileExec687380336/fast"
/usr/bin/gmake -f CMakeFiles/cmTryCompileExec687380336.dir/build.make CMakeFiles/cmTryCompileExec687380336.dir/build
gmake[1]: Entering directory `/home/tla001/cworks/ThreadPool/build/CMakeFiles/CMakeTmp'
/usr/bin/cmake -E cmake_progress_report /home/tla001/cworks/ThreadPool/build/CMakeFiles/CMakeTmp/CMakeFiles 1
Building CXX object CMakeFiles/cmTryCompileExec687380336.dir/testCXXCompiler.cxx.o
/usr/bin/c++     -o CMakeFiles/cmTryCompileExec687380336.dir/testCXXCompiler.cxx.o -c /home/tla001/cworks/ThreadPool/build/CMakeFiles/CMakeTmp/testCXXCompiler.cxx
Linking CXX executable cmTryCompileExec687380336
/usr/bin/cmake -E cmake_link_script CMakeFiles/cmTryCompileExec687380336.dir/link.txt --verbose=1
/usr/bin/c++        CMakeFiles/cmTryCompileExec687380336.dir/testCXXCompiler.cxx.o  -o cmTryCompileExec687380336 -rdynamic 
gmake[1]: Leaving directory `/home/tla001/cworks/ThreadPool/build/CMakeFiles/CMakeTmp'


Detecting CXX compiler ABI info compiled with the following output:
Change Dir: /home/tla001/cworks/ThreadPool/build/CMakeFiles/CMakeTmp

Run Build Command:/usr/bin/gmake "cmTryCompileExec2589840104/fast"
/usr/bin/gmake -f CMakeFiles/cmTryCompileExec2589840104.dir/build.make CMakeFiles/cmTryCompileExec2589840104.dir/build
gmake[1]: Entering directory `/home/tla001/cworks/ThreadPool/build/CMakeFiles/CMakeTmp'
/usr/bin/cmake -E cmake_progress_report /home/tla001/cworks/ThreadPool/build/CMakeFiles/CMakeTmp/CMakeFiles 1
Building CXX object CMakeFiles/cmTryCompileExec2589840104.dir/CMakeCXXCompilerABI.cpp.o
/usr/bin/c++     -o CMakeFiles/cmTryCompileExec2589840104.dir/CMakeCXXCompilerABI.cpp.o -c /usr/share/cmake/Modules/CMakeCXXCompilerABI.cpp
Linking CXX executable cmTryCompileExec2589840104
/usr/bin/cmake -E cmake_link_script CMakeFiles/cmTryCompileExec2589840104.dir/link.txt --verbose=1
/usr/bin/c++      -v CMakeFiles/cmTryCompileExec2589840104.dir/CMakeCXXCompilerABI.cpp.o  -o cmTryCompileExec2589840104 -rdynamic  
Using built-in specs.
Target: i686-redhat-linux
Configured with: ../configure --prefix=/usr --mandir=/usr/share/man --infodir=/usr/share/info --with-bugurl=http://bugzilla.redhat.com/bugzilla --enable-bootstrap --enable-shared --enable-threads=posix --enable-checking=release --with-system-zlib --enable-__cxa_atexit --disable-libunwind-exceptions --enable-gnu-unique-object --enable-languages=c,c++,objc,obj-c++,java,fortran,ada --enable-java-awt=gtk --disable-dssi --with-java-home=/usr/lib/jvm/java-1.5.0-gcj-1.5.0.0/jre --enable-libgcj-multifile --enable-java-maintainer-mode --with-ecj-jar=/usr/share/java/eclipse-ecj.jar --disable-libjava-multilib --with-ppl --with-cloog --with-tune=generic --with-arch=i686 --build=i686-redhat-linux
Thread model: posix
gcc version 4.4.7 20120313 (Red Hat 4.4.7-18) (GCC) 
COMPILER_PATH=/usr/libexec/gcc/i686-redhat-linux/4.4.7/:/usr/libexec/gcc/i686-redhat-linux/4.4.7/:/usr/libexec/gcc/i686-redhat-linux/:/usr/lib/gcc/i686-redhat-linux/4.4.7/:/usr/lib/gcc/i686-redhat-linux/:/usr/libexec/gcc/i686-redhat-linux/4.4.7/:/usr/libexec/gcc/i686-redhat-linux/:/usr/lib/gcc/i686-redhat-linux/4.4.7/:/usr/lib/gcc/i686-redhat-linux/
LIBRARY_PATH=/usr/lib/gcc/i686-redhat-linux/4.4.7/:/usr/lib/gcc/i686-redhat-linux/4.4.7/:/usr/lib/gcc/i686-redhat-linux/4.4.7/../../../:/lib/:/usr/lib/
COLLECT_GCC_OPTIONS='-v' '-o' 'cmTryCompileExec2589840104' '-rdynamic' '-shared-libgcc' '-mtune=generic' '-march=i686'
 /usr/libexec/gcc/i686-redhat-linux/4.4.7/collect2 --eh-frame-hdr --build-id -m elf_i386 --hash-style=gnu -export-dynamic -dynamic-linker /lib/ld-linux.so.2 -o cmTryCompileExec2589840104 /usr/lib/gcc/i686-redhat-linux/4.4.7/../../../crt1.o /usr/lib/gcc/i686-redhat-linux/4.4.7/../../../crti.o /usr/lib/gcc/i686-redhat-linux/4.4.7/crtbegin.o -L/usr/lib/gcc/i686-redhat-linux/4.4.7 -L/usr/lib/gcc/i686-redhat-linux/4.4.7 -L/usr/lib/gcc/i686-redhat-linux/4.4.7/../../.. CMakeFiles/cmTryCompileExec2589840104.dir/CMakeCXXCompilerABI.cpp.o -lstdc++ -lm -lgcc_s -lgcc -lc -lgcc_s -lgcc /usr/lib/gcc/i686-redhat-linux/4.4.7/crtend.o /usr/lib/gcc/i686-redhat-linux/4.4.7/../../../crtn.o
gmake[1]: Leaving directory `/home/tla001/cworks/ThreadPool/build/CMakeFiles/CMakeTmp'


Parsed CXX implicit link information from above output:
  link line regex: [^( *|.*[/\])(ld|([^/\]+-)?ld|collect2)[^/\]*( |$)]
  ignore line: [Change Dir: /home/tla001/cworks/ThreadPool/build/CMakeFiles/CMakeTmp]
  ignore line: []
  ignore line: [Run Build Command:/usr/bin/gmake "cmTryCompileExec2589840104/fast"]
  ignore line: [/usr/bin/gmake -f CMakeFiles/cmTryCompileExec2589840104.dir/build.make CMakeFiles/cmTryCompileExec2589840104.dir/build]
  ignore line: [gmake[1]: Entering directory `/home/tla001/cworks/ThreadPool/build/CMakeFiles/CMakeTmp']
  ignore line: [/usr/bin/cmake -E cmake_progress_report /home/tla001/cworks/ThreadPool/build/CMakeFiles/CMakeTmp/CMakeFiles 1]
  ignore line: [Building CXX object CMakeFiles/cmTryCompileExec2589840104.dir/CMakeCXXCompilerABI.cpp.o]
  ignore line: [/usr/bin/c++     -o CMakeFiles/cmTryCompileExec2589840104.dir/CMakeCXXCompilerABI.cpp.o -c /usr/share/cmake/Modules/CMakeCXXCompilerABI.cpp]
  ignore line: [Linking CXX executable cmTryCompileExec2589840104]
  ignore line: [/usr/bin/cmake -E cmake_link_script CMakeFiles/cmTryCompileExec2589840104.dir/link.txt --verbose=1]
  ignore line: [/usr/bin/c++      -v CMakeFiles/cmTryCompileExec2589840104.dir/CMakeCXXCompilerABI.cpp.o  -o cmTryCompileExec2589840104 -rdynamic  ]
  ignore line: [Using built-in specs.]
  ignore line: [Target: i686-redhat-linux]
  ignore line: [Configured with: ../configure --prefix=/usr --mandir=/usr/share/man --infodir=/usr/share/info --with-bugurl=http://bugzilla.redhat.com/bugzilla --enable-bootstrap --enable-shared --enable-threads=posix --enable-checking=release --with-system-zlib --enable-__cxa_atexit --disable-libunwind-exceptions --enable-gnu-unique-object --enable-languages=c,c++,objc,obj-c++,java,fortran,ada --enable-java-awt=gtk --disable-dssi --with-java-home=/usr/lib/jvm/java-1.5.0-gcj-1.5.0.0/jre --enable-libgcj-multifile --enable-java-maintainer-mode --with-ecj-jar=/usr/share/java/eclipse-ecj.jar --disable-libjava-multilib --with-ppl --with-cloog --with-tune=generic --with-arch=i686 --build=i686-redhat-linux]
  ignore line: [Thread model: posix]
  ignore line: [gcc version 4.4.7 20120313 (Red Hat 4.4.7-18) (GCC) ]
  ignore line: [COMPILER_PATH=/usr/libexec/gcc/i686-redhat-linux/4.4.7/:/usr/libexec/gcc/i686-redhat-linux/4.4.7/:/usr/libexec/gcc/i686-redhat-linux/:/usr/lib/gcc/i686-redhat-linux/4.4.7/:/usr/lib/gcc/i686-redhat-linux/:/usr/libexec/gcc/i686-redhat-linux/4.4.7/:/usr/libexec/gcc/i686-redhat-linux/:/usr/lib/gcc/i686-redhat-linux/4.4.7/:/usr/lib/gcc/i686-redhat-linux/]
  ignore line: [LIBRARY_PATH=/usr/lib/gcc/i686-redhat-linux/4.4.7/:/usr/lib/gcc/i686-redhat-linux/4.4.7/:/usr/lib/gcc/i686-redhat-linux/4.4.7/../../../:/lib/:/usr/lib/]
  ignore line: [COLLECT_GCC_OPTIONS='-v' '-o' 'cmTryCompileExec2589840104' '-rdynamic' '-shared-libgcc' '-mtune=generic' '-march=i686']
  link line: [ /usr/libexec/gcc/i686-redhat-linux/4.4.7/collect2 --eh-frame-hdr --build-id -m elf_i386 --hash-style=gnu -export-dynamic -dynamic-linker /lib/ld-linux.so.2 -o cmTryCompileExec2589840104 /usr/lib/gcc/i686-redhat-linux/4.4.7/../../../crt1.o /usr/lib/gcc/i686-redhat-linux/4.4.7/../../../crti.o /usr/lib/gcc/i686-redhat-linux/4.4.7/crtbegin.o -L/usr/lib/gcc/i686-redhat-linux/4.4.7 -L/usr/lib/gcc/i686-redhat-linux/4.4.7 -L/usr/lib/gcc/i686-redhat-linux/4.4.7/../../.. CMakeFiles/cmTryCompileExec2589840104.dir/CMakeCXXCompilerABI.cpp.o -lstdc++ -lm -lgcc_s -lgcc -lc -lgcc_s -lgcc /usr/lib/gcc/i686-redhat-linux/4.4.7/crtend.o /usr/lib/gcc/i686-redhat-linux/4.4.7/../../../crtn.o]
    arg [/usr/libexec/gcc/i686-redhat-linux/4.4.7/collect2] ==> ignore
    arg [--eh-frame-hdr] ==> ignore
    arg [--build-id] ==> ignore
    arg [-m] ==> ignore
    arg [elf_i386] ==> ignore
    arg [--hash-style=gnu] ==> ignore
    arg [-export-dynamic] ==> ignore
    arg [-dynamic-linker] ==> ignore
    arg [/lib/ld-linux.so.2] ==> ignore
    arg [-o] ==> ignore
    arg [cmTryCompileExec2589840104] ==> ignore
    arg [/usr/lib/gcc/i686-redhat-linux/4.4.7/../../../crt1.o] ==> ignore
    arg [/usr/lib/gcc/i686-redhat-linux/4.4.7/../../../crti.o] ==> ignore
    arg [/usr/lib/gcc/i686-redhat-linux/4.4.7/crtbegin.o] ==> ignore
    arg [-L/usr/lib/gcc/i686-redhat-linux/4.4.7] ==> dir [/usr/lib/gcc/i686-redhat-linux/4.4.7]
    arg [-L/usr/lib/gcc/i686-redhat-linux/4.4.7] ==> dir [/usr/lib/gcc/i686-redhat-linux/4.4.7]
    arg [-L/usr/lib/gcc/i686-redhat-linux/4.4.7/../../..] ==> dir [/usr/lib/gcc/i686-redhat-linux/4.4.7/../../..]
    arg [CMakeFiles/cmTryCompileExec2589840104.dir/CMakeCXXCompilerABI.cpp.o] ==> ignore
    arg [-lstdc++] ==> lib [stdc++]
    arg [-lm] ==> lib [m]
    arg [-lgcc_s] ==> lib [gcc_s]
    arg [-lgcc] ==> lib [gcc]
    arg [-lc] ==> lib [c]
    arg [-lgcc_s] ==> lib [gcc_s]
    arg [-lgcc] ==> lib [gcc]
    arg [/usr/lib/gcc/i686-redhat-linux/4.4.7/crtend.o] ==> ignore
    arg [/usr/lib/gcc/i686-redhat-linux/4.4.7/../../../crtn.o] ==> ignore
  remove lib [gcc_s]
  remove lib [gcc]
  remove lib [gcc_s]
  remove lib [gcc]
  collapse library dir [/usr/lib/gcc/i686-redhat-linux/4.4.7] ==> [/usr/lib/gcc/i686-redhat-linux/4.4.7]
  collapse library dir [/usr/lib/gcc/i686-redhat-linux/4.4.7] ==> [/usr/lib/gcc/i686-redhat-linux/4.4.7]
  collapse library dir [/usr/lib/gcc/i686-redhat-linux/4.4.7/../../..] ==> [/usr/lib]
  implicit libs: [stdc++;m;c]
  implicit dirs: [/usr/lib/gcc/i686-redhat-linux/4.4.7;/usr/lib]
  implicit fwks: []


